
 Ansys Mechanical Enterprise Academic Student      


 *------------------------------------------------------------------*
 |                                                                  |
 |   W E L C O M E   T O   T H E   A N S Y S (R)  P R O G R A M     |
 |                                                                  |
 *------------------------------------------------------------------*




 ***************************************************************
 *         ANSYS MAPDL 2023 R2          LEGAL NOTICES          *
 ***************************************************************
 *                                                             *
 * Copyright 1971-2023 Ansys, Inc.  All rights reserved.       *
 * Unauthorized use, distribution or duplication is            *
 * prohibited.                                                 *
 *                                                             *
 * Ansys is a registered trademark of Ansys, Inc. or its       *
 * subsidiaries in the United States or other countries.       *
 * See the Ansys, Inc. online documentation or the Ansys, Inc. *
 * documentation CD or online help for the complete Legal      *
 * Notice.                                                     *
 *                                                             *
 ***************************************************************
 *                                                             *
 * THIS ANSYS SOFTWARE PRODUCT AND PROGRAM DOCUMENTATION       *
 * INCLUDE TRADE SECRETS AND CONFIDENTIAL AND PROPRIETARY      *
 * PRODUCTS OF ANSYS, INC., ITS SUBSIDIARIES, OR LICENSORS.    *
 * The software products and documentation are furnished by    *
 * Ansys, Inc. or its subsidiaries under a software license    *
 * agreement that contains provisions concerning               *
 * non-disclosure, copying, length and nature of use,          *
 * compliance with exporting laws, warranties, disclaimers,    *
 * limitations of liability, and remedies, and other           *
 * provisions.  The software products and documentation may be *
 * used, disclosed, transferred, or copied only in accordance  *
 * with the terms and conditions of that software license      *
 * agreement.                                                  *
 *                                                             *
 * Ansys, Inc. is a UL registered                              *
 * ISO 9001:2015 company.                                      *
 *                                                             *
 ***************************************************************
 *                                                             *
 * This product is subject to U.S. laws governing export and   *
 * re-export.                                                  *
 *                                                             *
 * For U.S. Government users, except as specifically granted   *
 * by the Ansys, Inc. software license agreement, the use,     *
 * duplication, or disclosure by the United States Government  *
 * is subject to restrictions stated in the Ansys, Inc.        *
 * software license agreement and FAR 12.212 (for non-DOD      *
 * licenses).                                                  *
 *                                                             *
 ***************************************************************

 2023 R2 
     
 Point Releases and Patches installed:   
     
 Discovery 2023 R2   
 Autodyn 2023 R2 
 SpaceClaim 2023 R2  
 CFX (includes CFD-Post) 2023 R2 
 Chemkin 2023 R2 
 EnSight 2023 R2 
 FENSAP-ICE 2023 R2  
 Fluent (includes CFD-Post) 2023 R2  
 Polyflow (includes CFD-Post) 2023 R2
 Forte (includes EnSight) 2023 R2
 TurboGrid 2023 R2   
 Motion 2023 R2  
 Aqwa 2023 R2
 Speos 2023 R2   
 Mechanical Products 2023 R2 
 Material Calibration App 2023 R2
 ACIS Geometry Interface 2023 R2 
 AutoCAD Geometry Interface 2023 R2  
 Catia, Version 4 Geometry Interface 2023 R2 
 Catia, Version 5 Geometry Interface 2023 R2 
 Catia, Version 6 Geometry Interface 2023 R2 
 Creo Elements/Direct Modeling Geometry Interface 2023 R2
 Creo Parametric Geometry Interface 2023 R2  
 Inventor Geometry Interface 2023 R2 
 JTOpen Geometry Interface 2023 R2   
 NX Geometry Interface 2023 R2   
 Parasolid Geometry Interface  2023 R2   
 Solid Edge Geometry Interface 2023 R2   
 SOLIDWORKS Geometry Interface 2023 R2   
 Academic Student 2023 R2


          *****  MAPDL COMMAND LINE ARGUMENTS  *****
  BATCH MODE REQUESTED (-b)    = NOLIST
  INPUT FILE COPY MODE (-c)    = COPY
  DISTRIBUTED MEMORY PARALLEL REQUESTED
       4 PARALLEL PROCESSES REQUESTED WITH SINGLE THREAD PER PROCESS
    TOTAL OF     4 CORES REQUESTED
  INPUT FILE NAME              = C:\Users\User\AppData\Local\Temp\WB_User_12436_2\_ProjectScratch\Scr9801\dummy.dat
  OUTPUT FILE NAME             = C:\Users\User\AppData\Local\Temp\WB_User_12436_2\_ProjectScratch\Scr9801\solve.out
  START-UP FILE MODE           = NOREAD
  STOP FILE MODE               = NOREAD

 RELEASE= 2023 R2              BUILD= 23.2      UP20230531   VERSION=WINDOWS x64 
 CURRENT JOBNAME=file0  13:25:19  MAY 01, 2024 CP=      0.031


 PARAMETER _DS_PROGRESS =     999.0000000    

 /INPUT FILE= ds.dat  LINE=       0



 *** NOTE ***                            CP =       0.172   TIME= 13:25:20
 The /CONFIG,NOELDB command is not valid in a distributed memory         
 parallel solution.  Command is ignored.                                 

 *GET  _WALLSTRT  FROM  ACTI  ITEM=TIME WALL  VALUE=  13.4222222    

 TITLE= 
 wbnew--Modal (A5)                                                             

  ACT Extensions:
      LSDYNA, 2023.2
      5f463412-bd3e-484b-87e7-cbc0a665e474, wbex
 /COM,     ANSYSMotion, 2023.2
      20180725-3f81-49eb-9f31-41364844c769, wbex
  

 SET PARAMETER DIMENSIONS ON  _WB_PROJECTSCRATCH_DIR
  TYPE=STRI  DIMENSIONS=      248        1        1

 PARAMETER _WB_PROJECTSCRATCH_DIR(1) = C:\Users\User\AppData\Local\Temp\WB_User_12436_2\_ProjectScratch\Scr9801\

 SET PARAMETER DIMENSIONS ON  _WB_SOLVERFILES_DIR
  TYPE=STRI  DIMENSIONS=      248        1        1

 PARAMETER _WB_SOLVERFILES_DIR(1) = C:\Users\User\AppData\Local\Temp\WB_User_12436_2\wbnew_files\dp0\SYS\MECH\

 SET PARAMETER DIMENSIONS ON  _WB_USERFILES_DIR
  TYPE=STRI  DIMENSIONS=      248        1        1

 PARAMETER _WB_USERFILES_DIR(1) = C:\Users\User\AppData\Local\Temp\WB_User_12436_2\wbnew_files\user_files\
 --- Data in consistent MKS units. See Solving Units in the help system for more

 MKS UNITS SPECIFIED FOR INTERNAL    
  LENGTH        (l)  = METER (M)
  MASS          (M)  = KILOGRAM (KG)
  TIME          (t)  = SECOND (SEC)
  TEMPERATURE   (T)  = CELSIUS (C)
  TOFFSET            = 273.0
  CHARGE        (Q)  = COULOMB
  FORCE         (f)  = NEWTON (N) (KG-M/SEC2)
  HEAT               = JOULE (N-M)

  PRESSURE           = PASCAL (NEWTON/M**2)
  ENERGY        (W)  = JOULE (N-M)
  POWER         (P)  = WATT (N-M/SEC)
  CURRENT       (i)  = AMPERE (COULOMBS/SEC)
  CAPACITANCE   (C)  = FARAD
  INDUCTANCE    (L)  = HENRY
  MAGNETIC FLUX      = WEBER
  RESISTANCE    (R)  = OHM
  ELECTRIC POTENTIAL = VOLT

 INPUT  UNITS ARE ALSO SET TO MKS 

 *** MAPDL - ENGINEERING ANALYSIS SYSTEM  RELEASE 2023 R2          23.2     ***
 Ansys Mechanical Enterprise Academic Student      
 01055371  VERSION=WINDOWS x64   13:25:20  MAY 01, 2024 CP=      0.188

 wbnew--Modal (A5)                                                             



          ***** MAPDL ANALYSIS DEFINITION (PREP7) *****
 *********** Nodes for the whole assembly ***********
 *********** Elements for Body 1 "Solid" ***********
 *********** Send User Defined Coordinate System(s) ***********
 *********** Set Reference Temperature ***********
 *********** Send Materials ***********
 *********** Fixed Supports ***********


 ***** ROUTINE COMPLETED *****  CP =         0.594


 --- Number of total nodes = 49581
 --- Number of contact elements = 0
 --- Number of spring elements = 0
 --- Number of bearing elements = 0
 --- Number of solid elements = 10000
 --- Number of condensed parts = 0
 --- Number of total elements = 10000

 *GET  _WALLBSOL  FROM  ACTI  ITEM=TIME WALL  VALUE=  13.4222222    

 *****  MAPDL SOLUTION ROUTINE  *****


 PERFORM A MODAL ANALYSIS
  THIS WILL BE A NEW ANALYSIS

 PARAMETER _THICKRATIO =     1.000000000    


 USE SYM. BLOCK LANCZOS MODE EXTRACTION METHOD
  EXTRACT    15 MODES
  NORMALIZE THE MODE SHAPES TO THE MASS MATRIX

 ERASE THE CURRENT DATABASE OUTPUT CONTROL TABLE.


 WRITE ALL  ITEMS TO THE DATABASE WITH A FREQUENCY OF NONE
   FOR ALL APPLICABLE ENTITIES

 WRITE NSOL ITEMS TO THE DATABASE WITH A FREQUENCY OF ALL 
   FOR ALL APPLICABLE ENTITIES


 EXPAND ALL EXTRACTED MODES
  DO NOT CALCULATE ELEMENT RESULTS

 DO NOT COMBINE ELEMENT SAVE DATA FILES (.esav) AFTER DISTRIBUTED PARALLEL SOLUTION

 DO NOT COMBINE ELEMENT MATRIX FILES (.emat) AFTER DISTRIBUTED PARALLEL SOLUTION

 DO NOT COMBINE ASSEMBLED MATRIX FILES (.full) AFTER DISTRIBUTED PARALLEL SOLUTION

 *GET  ANSINTER_  FROM  ACTI  ITEM=INT        VALUE=  0.00000000    

 *IF  ANSINTER_                         ( =   0.00000     )  NE  
      0                                 ( =   0.00000     )  THEN    

 *ENDIF

 *** NOTE ***                            CP =       0.719   TIME= 13:25:21
 The automatic domain decomposition logic has selected the MESH domain   
 decomposition method with 4 processes per solution.                     

 *****  MAPDL SOLVE    COMMAND  *****

 *** WARNING ***                         CP =       0.734   TIME= 13:25:21
 Element shape checking is currently inactive.  Issue SHPP,ON or         
 SHPP,WARN to reactivate, if desired.                                    

 *** NOTE ***                            CP =       0.766   TIME= 13:25:21
 The model data was checked and warning messages were found.             
  Please review output or errors file (                                  
 C:\Users\User\AppData\Local\Temp\WB_User_12436_2\_ProjectScratch\Scr980 
 01\file0.err ) for these warning messages.                              

 *** SELECTION OF ELEMENT TECHNOLOGIES FOR APPLICABLE ELEMENTS ***
      --- GIVE SUGGESTIONS AND RESET THE KEY OPTIONS ---

 ELEMENT TYPE         1 IS SOLID186. KEYOPT(2)=0 IS SUGGESTED AND HAS BEEN RESET.
  KEYOPT(1-12)=    0    0    0    0    0    0    0    0    0    0    0    0



 *** MAPDL - ENGINEERING ANALYSIS SYSTEM  RELEASE 2023 R2          23.2     ***
 Ansys Mechanical Enterprise Academic Student      
 01055371  VERSION=WINDOWS x64   13:25:21  MAY 01, 2024 CP=      0.766

 wbnew--Modal (A5)                                                             



                       S O L U T I O N   O P T I O N S

   PROBLEM DIMENSIONALITY. . . . . . . . . . . . .3-D                  
   DEGREES OF FREEDOM. . . . . . UX   UY   UZ  
   ANALYSIS TYPE . . . . . . . . . . . . . . . . .MODAL                
      EXTRACTION METHOD. . . . . . . . . . . . . .BLOCK LANCZOS
   OFFSET TEMPERATURE FROM ABSOLUTE ZERO . . . . .  273.15    
   NUMBER OF MODES TO EXTRACT. . . . . . . . . . .    15
   GLOBALLY ASSEMBLED MATRIX . . . . . . . . . . .SYMMETRIC  
   NUMBER OF MODES TO EXPAND . . . . . . . . . . .ALL
   ELEMENT RESULTS CALCULATION . . . . . . . . . .OFF

 *** NOTE ***                            CP =       0.781   TIME= 13:25:21
 The conditions for direct assembly have been met.  No .emat or .erot    
 files will be produced.                                                 

  
  
     D I S T R I B U T E D   D O M A I N   D E C O M P O S E R
  
  ...Number of elements: 10000
  ...Number of nodes:    49581
  ...Decompose to 4 CPU domains
  ...Element load balance ratio =     1.000


                      L O A D   S T E P   O P T I O N S

   LOAD STEP NUMBER. . . . . . . . . . . . . . . .     1
   THERMAL STRAINS INCLUDED IN THE LOAD VECTOR . .   YES
   PRINT OUTPUT CONTROLS . . . . . . . . . . . . .NO PRINTOUT
   DATABASE OUTPUT CONTROLS
      ITEM     FREQUENCY   COMPONENT
       ALL       NONE               
      NSOL        ALL               



                         ***********  PRECISE MASS SUMMARY  ***********

   TOTAL RIGID BODY MASS MATRIX ABOUT ORIGIN
               Translational mass               |   Coupled translational/rotational mass
         4.6250        0.0000        0.0000     |     0.0000        2.3125      -0.57813E-01
         0.0000        4.6250        0.0000     |    -2.3125        0.0000       0.11563    
         0.0000        0.0000        4.6250     |    0.57813E-01  -0.11563        0.0000    
     ------------------------------------------ | ------------------------------------------
                                                |         Rotational mass (inertia)
                                                |     1.5426      -0.14453E-02  -0.57813E-01
                                                |   -0.14453E-02    1.5455      -0.28906E-01
                                                |   -0.57813E-01  -0.28906E-01   0.48177E-02

   TOTAL MASS =  4.6250    
     The mass principal axes coincide with the global Cartesian axes

   CENTER OF MASS (X,Y,Z)=   0.25000E-01   0.12500E-01   0.50000    

   TOTAL INERTIA ABOUT CENTER OF MASS
        0.38566      -0.20166E-16  -0.51348E-15
       -0.20166E-16   0.38638      -0.15959E-15
       -0.51348E-15  -0.15959E-15   0.12044E-02
     The inertia principal axes coincide with the global Cartesian axes


  *** MASS SUMMARY BY ELEMENT TYPE ***

  TYPE      MASS
     1   4.62500    

 Range of element maximum matrix coefficients in global coordinates
 Maximum = 692581126 at element 9896.                                    
 Minimum = 692581126 at element 7013.                                    

   *** ELEMENT MATRIX FORMULATION TIMES
     TYPE    NUMBER   ENAME      TOTAL CP  AVE CP

        1     10000  SOLID186      2.031   0.000203
 Time at end of element matrix formulation CP = 1.84375.                 

  BLOCK LANCZOS CALCULATION OF UP TO    15 EIGENVECTORS.
  NUMBER OF EQUATIONS              =       148200
  MAXIMUM WAVEFRONT                =          172
  MAXIMUM MODES STORED             =           15
  MINIMUM EIGENVALUE               =  0.00000E+00
  MAXIMUM EIGENVALUE               =  0.10000E+31


  Process memory allocated for solver              =   342.914 MB
  Process memory required for in-core solution     =   326.783 MB
  Process memory required for out-of-core solution =   119.730 MB

  Total memory allocated for solver                =   718.843 MB
  Total memory required for in-core solution       =  1297.938 MB
  Total memory required for out-of-core solution   =   478.347 MB

 *** WARNING ***                         CP =       6.859   TIME= 13:25:35
 The Distributed Sparse Matrix Solver used by the Block Lanczos          
 eigensolver is currently running in the out-of-core memory mode.  This  
 memory mode may provide significantly worse performance compared to     
 the in-core memory mode, depending on the amount of available system    
 memory and I/O speed.  Please monitor the solver performance to ensure  
 that the large amount of I/O to the solver files does not create a      
 bottleneck for performance.                                             

  Total memory available for LANCZOS         =     1.396492 GB

  Process memory required for in-core LANCZOS Workspace             =     147.885475 MB
  Process memory required for out-of-core LANCZOS Workspace         =     3.992592 MB

  Total   memory required for in-core LANCZOS Workspace             =     586.604645 MB
  Total   memory required for out-of-core LANCZOS Workspace         =     15.852814 MB

  Lanczos Memory Mode : INCORE


  >> Shift # 1 :  | |                                : 15 Eigenvalues Converged


 *** MAPDL - ENGINEERING ANALYSIS SYSTEM  RELEASE 2023 R2          23.2     ***
 Ansys Mechanical Enterprise Academic Student      
 01055371  VERSION=WINDOWS x64   13:25:53  MAY 01, 2024 CP=     12.781

 wbnew--Modal (A5)                                                             



 *** FREQUENCIES FROM BLOCK LANCZOS ITERATION ***

  MODE    FREQUENCY (HERTZ)      


    1     24.89902133790    
    2     49.67697849420    
    3     155.5798108229    
    4     307.7071603281    
    5     433.6288943727    
    6     702.3094567265    
    7     844.1778516964    
    8     846.1717828627    
    9     1383.911593926    
   10     1539.908313622    
   11     1617.298586617    
   12     2046.766384111    
   13     2107.678046152    
   14     2594.116937275    
   15     2825.928105985    

 *** MAPDL - ENGINEERING ANALYSIS SYSTEM  RELEASE 2023 R2          23.2     ***
 Ansys Mechanical Enterprise Academic Student      
 01055371  VERSION=WINDOWS x64   13:25:54  MAY 01, 2024 CP=     12.875

 wbnew--Modal (A5)                                                             





          ***** PARTICIPATION FACTOR CALCULATION *****  X  DIRECTION
                                                                                  CUMULATIVE     RATIO EFF.MASS
  MODE   FREQUENCY       PERIOD      PARTIC.FACTOR     RATIO    EFFECTIVE MASS   MASS FRACTION   TO TOTAL MASS
     1     24.8990       0.40162E-01  -0.99257E-07    0.000000    0.985194E-14    0.231004E-14    0.213015E-14
     2     49.6770       0.20130E-01    1.6832        1.000000     2.83317        0.664309        0.612577    
     3     155.580       0.64276E-02    0.0000        0.000000     0.00000        0.664309         0.00000    
     4     307.707       0.32498E-02  -0.93580        0.555962    0.875715        0.869643        0.189344    
     5     433.629       0.23061E-02    0.0000        0.000000     0.00000        0.869643         0.00000    
     6     702.309       0.14239E-02    0.0000        0.000000     0.00000        0.869643         0.00000    
     7     844.178       0.11846E-02    0.0000        0.000000     0.00000        0.869643         0.00000    
     8     846.172       0.11818E-02   0.55053        0.327075    0.303088        0.940710        0.655324E-01
     9     1383.91       0.72259E-03    0.0000        0.000000     0.00000        0.940710         0.00000    
    10     1539.91       0.64939E-03    0.0000        0.000000     0.00000        0.940710         0.00000    
    11     1617.30       0.61832E-03  -0.39594        0.235231    0.156769        0.977469        0.338960E-01
    12     2046.77       0.48858E-03    0.0000        0.000000     0.00000        0.977469         0.00000    
    13     2107.68       0.47446E-03    0.0000        0.000000     0.00000        0.977469         0.00000    
    14     2594.12       0.38549E-03   0.30999        0.184165    0.960922E-01     1.00000        0.207767E-01
    15     2825.93       0.35387E-03    0.0000        0.000000     0.00000         1.00000         0.00000    
 -----------------------------------------------------------------------------------------------------------------
   sum                                                             4.26483                        0.922126    
 -----------------------------------------------------------------------------------------------------------------



          ***** PARTICIPATION FACTOR CALCULATION *****  Y  DIRECTION
                                                                                  CUMULATIVE     RATIO EFF.MASS
  MODE   FREQUENCY       PERIOD      PARTIC.FACTOR     RATIO    EFFECTIVE MASS   MASS FRACTION   TO TOTAL MASS
     1     24.8990       0.40162E-01    1.6828        1.000000     2.83175        0.649486        0.612270    
     2     49.6770       0.20130E-01   0.98806E-07    0.000000    0.976271E-14    0.649486        0.211086E-14
     3     155.580       0.64276E-02  -0.93347        0.554720    0.871370        0.849342        0.188404    
     4     307.707       0.32498E-02    0.0000        0.000000     0.00000        0.849342         0.00000    
     5     433.629       0.23061E-02   0.54799        0.325643    0.300288        0.918216        0.649272E-01
     6     702.309       0.14239E-02    0.0000        0.000000     0.00000        0.918216         0.00000    
     7     844.178       0.11846E-02  -0.39261        0.233311    0.154143        0.953570        0.333282E-01
     8     846.172       0.11818E-02    0.0000        0.000000     0.00000        0.953570         0.00000    
     9     1383.91       0.72259E-03   0.30617        0.181943    0.937402E-01    0.975070        0.202682E-01
    10     1539.91       0.64939E-03    0.0000        0.000000     0.00000        0.975070         0.00000    
    11     1617.30       0.61832E-03    0.0000        0.000000     0.00000        0.975070         0.00000    
    12     2046.77       0.48858E-03  -0.25130        0.149338    0.631529E-01    0.989555        0.136547E-01
    13     2107.68       0.47446E-03    0.0000        0.000000     0.00000        0.989555         0.00000    
    14     2594.12       0.38549E-03    0.0000        0.000000     0.00000        0.989555         0.00000    
    15     2825.93       0.35387E-03   0.21340        0.126816    0.455414E-01     1.00000        0.984678E-02
 -----------------------------------------------------------------------------------------------------------------
   sum                                                             4.35998                        0.942699    
 -----------------------------------------------------------------------------------------------------------------



          ***** PARTICIPATION FACTOR CALCULATION *****  Z  DIRECTION
                                                                                  CUMULATIVE     RATIO EFF.MASS
  MODE   FREQUENCY       PERIOD      PARTIC.FACTOR     RATIO    EFFECTIVE MASS   MASS FRACTION   TO TOTAL MASS
     1     24.8990       0.40162E-01    0.0000        0.000000     0.00000         0.00000         0.00000    
     2     49.6770       0.20130E-01    0.0000        0.000000     0.00000         0.00000         0.00000    
     3     155.580       0.64276E-02    0.0000        0.000000     0.00000         0.00000         0.00000    
     4     307.707       0.32498E-02    0.0000        0.000000     0.00000         0.00000         0.00000    
     5     433.629       0.23061E-02    0.0000        0.000000     0.00000         0.00000         0.00000    
     6     702.309       0.14239E-02    0.0000        0.000000     0.00000         0.00000         0.00000    
     7     844.178       0.11846E-02    0.0000        0.000000     0.00000         0.00000         0.00000    
     8     846.172       0.11818E-02    0.0000        0.000000     0.00000         0.00000         0.00000    
     9     1383.91       0.72259E-03    0.0000        0.000000     0.00000         0.00000         0.00000    
    10     1539.91       0.64939E-03    1.9348        1.000000     3.74346         1.00000        0.809398    
    11     1617.30       0.61832E-03    0.0000        0.000000     0.00000         1.00000         0.00000    
    12     2046.77       0.48858E-03    0.0000        0.000000     0.00000         1.00000         0.00000    
    13     2107.68       0.47446E-03    0.0000        0.000000     0.00000         1.00000         0.00000    
    14     2594.12       0.38549E-03    0.0000        0.000000     0.00000         1.00000         0.00000    
    15     2825.93       0.35387E-03    0.0000        0.000000     0.00000         1.00000         0.00000    
 -----------------------------------------------------------------------------------------------------------------
   sum                                                             3.74346                        0.809398    
 -----------------------------------------------------------------------------------------------------------------



          ***** PARTICIPATION FACTOR CALCULATION *****ROTX DIRECTION
                                                                                  CUMULATIVE     RATIO EFF.MASS
  MODE   FREQUENCY       PERIOD      PARTIC.FACTOR     RATIO    EFFECTIVE MASS   MASS FRACTION   TO TOTAL MASS
     1     24.8990       0.40162E-01   -1.2232        1.000000     1.49626        0.970143        0.969942    
     2     49.6770       0.20130E-01  -0.71976E-07    0.000000    0.518051E-14    0.970143        0.335823E-14
     3     155.580       0.64276E-02   0.19606        0.160284    0.384403E-01    0.995067        0.249187E-01
     4     307.707       0.32498E-02    0.0000        0.000000     0.00000        0.995067         0.00000    
     5     433.629       0.23061E-02  -0.70251E-01    0.057431    0.493523E-02    0.998267        0.319923E-02
     6     702.309       0.14239E-02    0.0000        0.000000     0.00000        0.998267         0.00000    
     7     844.178       0.11846E-02   0.35943E-01    0.029384    0.129190E-02    0.999104        0.837468E-03
     8     846.172       0.11818E-02    0.0000        0.000000     0.00000        0.999104         0.00000    
     9     1383.91       0.72259E-03  -0.21782E-01    0.017807    0.474458E-03    0.999412        0.307564E-03
    10     1539.91       0.64939E-03   0.24185E-01    0.019772    0.584916E-03    0.999791        0.379168E-03
    11     1617.30       0.61832E-03    0.0000        0.000000     0.00000        0.999791         0.00000    
    12     2046.77       0.48858E-03   0.14595E-01    0.011932    0.213009E-03    0.999929        0.138082E-03
    13     2107.68       0.47446E-03    0.0000        0.000000     0.00000        0.999929         0.00000    
    14     2594.12       0.38549E-03    0.0000        0.000000     0.00000        0.999929         0.00000    
    15     2825.93       0.35387E-03  -0.10450E-01    0.008543    0.109193E-03     1.00000        0.707835E-04
 -----------------------------------------------------------------------------------------------------------------
   sum                                                             1.54231                        0.999793    
 -----------------------------------------------------------------------------------------------------------------



          ***** PARTICIPATION FACTOR CALCULATION *****ROTY DIRECTION
                                                                                  CUMULATIVE     RATIO EFF.MASS
  MODE   FREQUENCY       PERIOD      PARTIC.FACTOR     RATIO    EFFECTIVE MASS   MASS FRACTION   TO TOTAL MASS
     1     24.8990       0.40162E-01  -0.72105E-07    0.000000    0.519913E-14    0.336618E-14    0.336400E-14
     2     49.6770       0.20130E-01    1.2236        1.000000     1.49729        0.969419        0.968790    
     3     155.580       0.64276E-02    0.0000        0.000000     0.00000        0.969419         0.00000    
     4     307.707       0.32498E-02  -0.19569        0.159925    0.382944E-01    0.994213        0.247776E-01
     5     433.629       0.23061E-02    0.0000        0.000000     0.00000        0.994213         0.00000    
     6     702.309       0.14239E-02    0.0000        0.000000     0.00000        0.994213         0.00000    
     7     844.178       0.11846E-02    0.0000        0.000000     0.00000        0.994213         0.00000    
     8     846.172       0.11818E-02   0.69857E-01    0.057090    0.488000E-02    0.997372        0.315751E-02
     9     1383.91       0.72259E-03    0.0000        0.000000     0.00000        0.997372         0.00000    
    10     1539.91       0.64939E-03  -0.48370E-01    0.039530    0.233966E-02    0.998887        0.151384E-02
    11     1617.30       0.61832E-03  -0.35533E-01    0.029039    0.126258E-02    0.999705        0.816927E-03
    12     2046.77       0.48858E-03    0.0000        0.000000     0.00000        0.999705         0.00000    
    13     2107.68       0.47446E-03    0.0000        0.000000     0.00000        0.999705         0.00000    
    14     2594.12       0.38549E-03   0.21355E-01    0.017452    0.456051E-03     1.00000        0.295079E-03
    15     2825.93       0.35387E-03    0.0000        0.000000     0.00000         1.00000         0.00000    
 -----------------------------------------------------------------------------------------------------------------
   sum                                                             1.54452                        0.999351    
 -----------------------------------------------------------------------------------------------------------------



          ***** PARTICIPATION FACTOR CALCULATION *****ROTZ DIRECTION
                                                                                  CUMULATIVE     RATIO EFF.MASS
  MODE   FREQUENCY       PERIOD      PARTIC.FACTOR     RATIO    EFFECTIVE MASS   MASS FRACTION   TO TOTAL MASS
     1     24.8990       0.40162E-01   0.42069E-01    1.000000    0.176984E-02    0.395871        0.367362    
     2     49.6770       0.20130E-01  -0.21040E-01    0.500125    0.442682E-03    0.494888        0.918865E-01
     3     155.580       0.64276E-02  -0.23337E-01    0.554720    0.544606E-03    0.616704        0.113043    
     4     307.707       0.32498E-02   0.11697E-01    0.278051    0.136831E-03    0.647309        0.284016E-01
     5     433.629       0.23061E-02   0.13700E-01    0.325643    0.187680E-03    0.689289        0.389563E-01
     6     702.309       0.14239E-02   0.31165E-01    0.740809    0.971286E-03    0.906542        0.201607    
     7     844.178       0.11846E-02  -0.98153E-02    0.233311    0.963393E-04    0.928091        0.199969E-01
     8     846.172       0.11818E-02  -0.68817E-02    0.163579    0.473574E-04    0.938683        0.982987E-02
     9     1383.91       0.72259E-03   0.76543E-02    0.181943    0.585876E-04    0.951788        0.121609E-01
    10     1539.91       0.64939E-03    0.0000        0.000000     0.00000        0.951788         0.00000    
    11     1617.30       0.61832E-03   0.49493E-02    0.117645    0.244952E-04    0.957267        0.508440E-02
    12     2046.77       0.48858E-03  -0.62826E-02    0.149338    0.394705E-04    0.966096        0.819280E-02
    13     2107.68       0.47446E-03   0.10397E-01    0.247142    0.108101E-03    0.990275        0.224382E-01
    14     2594.12       0.38549E-03  -0.38748E-02    0.092106    0.150144E-04    0.993633        0.311651E-02
    15     2825.93       0.35387E-03   0.53351E-02    0.126816    0.284634E-04     1.00000        0.590807E-02
 -----------------------------------------------------------------------------------------------------------------
   sum                                                            0.447076E-02                    0.927984    
 -----------------------------------------------------------------------------------------------------------------





 *** NOTE ***                            CP =      12.875   TIME= 13:25:54
 The modes requested are mass normalized (Nrmkey on MODOPT).  However,   
 the modal masses and kinetic energies below are calculated with unit    
 normalized modes.                                                       

        ***** MODAL MASSES, KINETIC ENERGIES, AND TRANSLATIONAL EFFECTIVE MASSES SUMMARY *****

                                                                         EFFECTIVE MASS
  MODE  FREQUENCY   MODAL MASS     KENE      |      X-DIR      RATIO%   Y-DIR      RATIO%   Z-DIR      RATIO% 
     1   24.90       1.155      0.1414E+05   |    0.9852E-14    0.00   2.832       61.23   0.000        0.00
     2   49.68       1.158      0.5641E+05   |     2.833       61.26  0.9763E-14    0.00   0.000        0.00
     3   155.6       1.160      0.5542E+06   |     0.000        0.00  0.8714       18.84   0.000        0.00
     4   307.7       1.176      0.2199E+07   |    0.8757       18.93   0.000        0.00   0.000        0.00
     5   433.6       1.168      0.4334E+07   |     0.000        0.00  0.3003        6.49   0.000        0.00
     6   702.3      0.9579      0.9326E+07   |     0.000        0.00   0.000        0.00   0.000        0.00
     7   844.2       1.179      0.1658E+08   |     0.000        0.00  0.1541        3.33   0.000        0.00
     8   846.2       1.206      0.1705E+08   |    0.3031        6.55   0.000        0.00   0.000        0.00
     9   1384.       1.192      0.4508E+08   |     0.000        0.00  0.9374E-01    2.03   0.000        0.00
    10   1540.       2.309      0.1081E+09   |     0.000        0.00   0.000        0.00   3.743       80.94
    11   1617.       1.248      0.6444E+08   |    0.1568        3.39   0.000        0.00   0.000        0.00
    12   2047.       1.209      0.9996E+08   |     0.000        0.00  0.6315E-01    1.37   0.000        0.00
    13   2108.      0.9534      0.8361E+08   |     0.000        0.00   0.000        0.00   0.000        0.00
    14   2594.       1.299      0.1726E+09   |    0.9609E-01    2.08   0.000        0.00   0.000        0.00
    15   2826.       1.228      0.1935E+09   |     0.000        0.00  0.4554E-01    0.98   0.000        0.00
 --------------------------------------------------------------------------------------------------------------
   sum                                       |     4.265       92.21   4.360       94.27   3.743       80.94
 --------------------------------------------------------------------------------------------------------------


 *** MAPDL BINARY FILE STATISTICS
  BUFFER SIZE USED= 16384
       40.312 MB WRITTEN ON ASSEMBLED MATRIX FILE: file0.full
        4.562 MB WRITTEN ON MODAL MATRIX FILE: file0.mode
        6.375 MB WRITTEN ON RESULTS FILE: file0.rst
 *************** Write FE CONNECTORS *********

 WRITE OUT CONSTRAINT EQUATIONS TO FILE= file.ce                                                                                                                                                                                                                                                             

 *GET  _NMODALSOLPROC  FROM  ACTI  ITEM=NUMC       VALUE=  4.00000000    

 FINISH SOLUTION PROCESSING


 ***** ROUTINE COMPLETED *****  CP =        13.031



 PRINTOUT RESUMED BY /GOP

 *GET  _WALLASOL  FROM  ACTI  ITEM=TIME WALL  VALUE=  13.4316667    

 *** MAPDL - ENGINEERING ANALYSIS SYSTEM  RELEASE 2023 R2          23.2     ***
 Ansys Mechanical Enterprise Academic Student      
 01055371  VERSION=WINDOWS x64   13:25:54  MAY 01, 2024 CP=     13.031

 wbnew--Modal (A5)                                                             



          ***** MAPDL RESULTS INTERPRETATION (POST1) *****

 *** NOTE ***                            CP =      13.031   TIME= 13:25:54
 Reading results into the database (SET command) will update the current 
 displacement and force boundary conditions in the database with the     
 values from the results file for that load set.  Note that any          
 subsequent solutions will use these values unless action is taken to    
 either SAVE the current values or not overwrite them (/EXIT,NOSAVE).    

 PRINTOUT RESUMED BY /GOP

 Set Encoding of XML File to:ISO-8859-1

 Set Output of XML File to:
     PARM,     ,     ,     ,     ,     ,     ,     ,     ,     ,     ,     ,
         ,     ,     ,     ,     ,     ,     ,

 DATABASE WRITTEN ON FILE  parm.xml                                                                                                                                                                                                                                                            

 EXIT THE MAPDL POST1 DATABASE PROCESSOR


 ***** ROUTINE COMPLETED *****  CP =        13.109



 PRINTOUT RESUMED BY /GOP

 *GET  _WALLDONE  FROM  ACTI  ITEM=TIME WALL  VALUE=  13.4316667    

 PARAMETER _PREPTIME =     0.000000000    

 PARAMETER _SOLVTIME =     34.00000000    

 PARAMETER _POSTTIME =     0.000000000    

 PARAMETER _TOTALTIM =     34.00000000    

 *GET  _DLBRATIO  FROM  ACTI  ITEM=SOLU DLBR  VALUE=  1.00000000    

 *GET  _COMBTIME  FROM  ACTI  ITEM=SOLU COMB  VALUE= 0.340545900    

 *GET  _SSMODE   FROM  ACTI  ITEM=SOLU SSMM  VALUE=  0.00000000    

 *GET  _NDOFS    FROM  ACTI  ITEM=SOLU NDOF  VALUE=  148200.000    

 /FCLEAN COMMAND REMOVING ALL LOCAL FILES
 --- Total number of nodes = 49581
 --- Total number of elements = 10000
 --- Element load balance ratio = 1
 --- Time to combine distributed files = 0.3405459
 --- Sparse memory mode = 0
 --- Number of DOF = 148200

 EXIT MAPDL WITHOUT SAVING DATABASE


 NUMBER OF WARNING MESSAGES ENCOUNTERED=          2
 NUMBER OF ERROR   MESSAGES ENCOUNTERED=          0

+--------------------- M A P D L   S T A T I S T I C S ------------------------+

Release: 2023 R2            Build: 23.2       Update: UP20230531   Platform: WINDOWS x64 
Date Run: 05/01/2024   Time: 13:25     Process ID: 30712
Operating System: Windows 11  (Build: 22631)

Processor Model: Intel(R) Core(TM) i5-10300H CPU @ 2.50GHz

Compiler: Intel(R) Fortran Compiler Version 19.0.5  (Build: 20190815)
          Intel(R) C/C++ Compiler Version 19.0.5  (Build: 20190815)
          Intel(R) Math Kernel Library Version 2020.0.0 Product Build 20191125
          BLAS Library supplied by Intel(R) MKL

Number of machines requested            :    1
Total number of cores available         :    8
Number of physical cores available      :    4
Number of processes requested           :    4
Number of threads per process requested :    1
Total number of cores requested         :    4 (Distributed Memory Parallel)               
MPI Type: INTELMPI
MPI Version: Intel(R) MPI Library 2021.8 for Windows* OS


GPU Acceleration: Not Requested

Job Name: file0
Input File: dummy.dat

  Core                Machine Name   Working Directory
 -----------------------------------------------------
     0                      Gaurav   C:\Users\User\AppData\Local\Temp\WB_User_12436_2\_ProjectScratch\Scr9801
     1                      Gaurav   C:\Users\User\AppData\Local\Temp\WB_User_12436_2\_ProjectScratch\Scr9801
     2                      Gaurav   C:\Users\User\AppData\Local\Temp\WB_User_12436_2\_ProjectScratch\Scr9801
     3                      Gaurav   C:\Users\User\AppData\Local\Temp\WB_User_12436_2\_ProjectScratch\Scr9801
 
Latency time from master to core     1 =   11.136 microseconds
Latency time from master to core     2 =   69.043 microseconds
Latency time from master to core     3 =   10.908 microseconds
 
Communication speed from master to core     1 =  1534.71 MB/sec
Communication speed from master to core     2 =  1138.51 MB/sec
Communication speed from master to core     3 =  1714.66 MB/sec

Total CPU time for main thread                    :       12.5 seconds
Total CPU time summed for all threads             :       13.4 seconds

Elapsed time spent obtaining a license            :        0.5 seconds
Elapsed time spent pre-processing model (/PREP7)  :        0.3 seconds
Elapsed time spent solution - preprocessing       :        0.3 seconds
Elapsed time spent computing solution             :       32.8 seconds
Elapsed time spent solution - postprocessing      :        0.3 seconds
Elapsed time spent post-processing model (/POST1) :        0.1 seconds
 
Eigensolver used                                  :            Block Lanczos
Equation solver computational rate                :       15.9 Gflops

Sum of disk space used on all processes            :      907.2 MB

Sum of memory used on all processes               :     1872.0 MB
Sum of memory allocated on all processes          :     3963.0 MB
Physical memory available                         :          8 GB
Total amount of I/O written to disk               :        1.2 GB
Total amount of I/O read from disk                :        9.2 GB

+------------------ E N D   M A P D L   S T A T I S T I C S -------------------+


 *-----------------------------------------------------------------------------*
 |                                                                             |
 |                               RUN COMPLETED                                 |
 |                                                                             |
 |-----------------------------------------------------------------------------|
 |                                                                             |
 |  Ansys MAPDL 2023 R2         Build 23.2         UP20230531    WINDOWS x64   |
 |                                                                             |
 |-----------------------------------------------------------------------------|
 |                                                                             |
 |  Database Requested(-db)     1024 MB     Scratch Memory Requested   1024 MB |
 |  Max Database Used(Master)     22 MB     Max Scratch Used(Master)    626 MB |
 |  Max Database Used(Workers)     1 MB     Max Scratch Used(Workers)   408 MB |
 |  Sum Database Used(All)        25 MB     Sum Scratch Used(All)      1847 MB |
 |                                                                             |
 |-----------------------------------------------------------------------------|
 |                                                                             |
 |        CP Time      (sec) =         13.359       Time  =  13:25:56          |
 |        Elapsed Time (sec) =         38.000       Date  =  05/01/2024        |
 |                                                                             |
 *-----------------------------------------------------------------------------*
