
 Ansys Mechanical Enterprise Academic Student      


 *------------------------------------------------------------------*
 |                                                                  |
 |   W E L C O M E   T O   T H E   A N S Y S (R)  P R O G R A M     |
 |                                                                  |
 *------------------------------------------------------------------*




 ***************************************************************
 *         ANSYS MAPDL 2023 R2          LEGAL NOTICES          *
 ***************************************************************
 *                                                             *
 * Copyright 1971-2023 Ansys, Inc.  All rights reserved.       *
 * Unauthorized use, distribution or duplication is            *
 * prohibited.                                                 *
 *                                                             *
 * Ansys is a registered trademark of Ansys, Inc. or its       *
 * subsidiaries in the United States or other countries.       *
 * See the Ansys, Inc. online documentation or the Ansys, Inc. *
 * documentation CD or online help for the complete Legal      *
 * Notice.                                                     *
 *                                                             *
 ***************************************************************
 *                                                             *
 * THIS ANSYS SOFTWARE PRODUCT AND PROGRAM DOCUMENTATION       *
 * INCLUDE TRADE SECRETS AND CONFIDENTIAL AND PROPRIETARY      *
 * PRODUCTS OF ANSYS, INC., ITS SUBSIDIARIES, OR LICENSORS.    *
 * The software products and documentation are furnished by    *
 * Ansys, Inc. or its subsidiaries under a software license    *
 * agreement that contains provisions concerning               *
 * non-disclosure, copying, length and nature of use,          *
 * compliance with exporting laws, warranties, disclaimers,    *
 * limitations of liability, and remedies, and other           *
 * provisions.  The software products and documentation may be *
 * used, disclosed, transferred, or copied only in accordance  *
 * with the terms and conditions of that software license      *
 * agreement.                                                  *
 *                                                             *
 * Ansys, Inc. is a UL registered                              *
 * ISO 9001:2015 company.                                      *
 *                                                             *
 ***************************************************************
 *                                                             *
 * This product is subject to U.S. laws governing export and   *
 * re-export.                                                  *
 *                                                             *
 * For U.S. Government users, except as specifically granted   *
 * by the Ansys, Inc. software license agreement, the use,     *
 * duplication, or disclosure by the United States Government  *
 * is subject to restrictions stated in the Ansys, Inc.        *
 * software license agreement and FAR 12.212 (for non-DOD      *
 * licenses).                                                  *
 *                                                             *
 ***************************************************************

 2023 R2 
     
 Point Releases and Patches installed:   
     
 Discovery 2023 R2   
 Autodyn 2023 R2 
 SpaceClaim 2023 R2  
 CFX (includes CFD-Post) 2023 R2 
 Chemkin 2023 R2 
 EnSight 2023 R2 
 FENSAP-ICE 2023 R2  
 Fluent (includes CFD-Post) 2023 R2  
 Polyflow (includes CFD-Post) 2023 R2
 Forte (includes EnSight) 2023 R2
 TurboGrid 2023 R2   
 Motion 2023 R2  
 Aqwa 2023 R2
 Speos 2023 R2   
 Mechanical Products 2023 R2 
 Material Calibration App 2023 R2
 ACIS Geometry Interface 2023 R2 
 AutoCAD Geometry Interface 2023 R2  
 Catia, Version 4 Geometry Interface 2023 R2 
 Catia, Version 5 Geometry Interface 2023 R2 
 Catia, Version 6 Geometry Interface 2023 R2 
 Creo Elements/Direct Modeling Geometry Interface 2023 R2
 Creo Parametric Geometry Interface 2023 R2  
 Inventor Geometry Interface 2023 R2 
 JTOpen Geometry Interface 2023 R2   
 NX Geometry Interface 2023 R2   
 Parasolid Geometry Interface  2023 R2   
 Solid Edge Geometry Interface 2023 R2   
 SOLIDWORKS Geometry Interface 2023 R2   
 Academic Student 2023 R2


          *****  MAPDL COMMAND LINE ARGUMENTS  *****
  BATCH MODE REQUESTED (-b)    = NOLIST
  INPUT FILE COPY MODE (-c)    = COPY
  DISTRIBUTED MEMORY PARALLEL REQUESTED
       4 PARALLEL PROCESSES REQUESTED WITH SINGLE THREAD PER PROCESS
    TOTAL OF     4 CORES REQUESTED
  INPUT FILE NAME              = C:\Users\User\AppData\Local\Temp\WB_User_9196_2\_ProjectScratch\Scr72E7\dummy.dat
  OUTPUT FILE NAME             = C:\Users\User\AppData\Local\Temp\WB_User_9196_2\_ProjectScratch\Scr72E7\solve.out
  START-UP FILE MODE           = NOREAD
  STOP FILE MODE               = NOREAD

 RELEASE= 2023 R2              BUILD= 23.2      UP20230531   VERSION=WINDOWS x64 
 CURRENT JOBNAME=file0  19:25:14  MAY 01, 2024 CP=      0.031


 PARAMETER _DS_PROGRESS =     999.0000000    

 /INPUT FILE= ds.dat  LINE=       0



 *** NOTE ***                            CP =       0.094   TIME= 19:25:15
 The /CONFIG,NOELDB command is not valid in a distributed memory         
 parallel solution.  Command is ignored.                                 

 *GET  _WALLSTRT  FROM  ACTI  ITEM=TIME WALL  VALUE=  19.4208333    

 TITLE= 
 wbnew--Modal (A5)                                                             

  ACT Extensions:
      LSDYNA, 2023.2
      5f463412-bd3e-484b-87e7-cbc0a665e474, wbex
 /COM,     ANSYSMotion, 2023.2
      20180725-3f81-49eb-9f31-41364844c769, wbex
  

 SET PARAMETER DIMENSIONS ON  _WB_PROJECTSCRATCH_DIR
  TYPE=STRI  DIMENSIONS=      248        1        1

 PARAMETER _WB_PROJECTSCRATCH_DIR(1) = C:\Users\User\AppData\Local\Temp\WB_User_9196_2\_ProjectScratch\Scr72E7\

 SET PARAMETER DIMENSIONS ON  _WB_SOLVERFILES_DIR
  TYPE=STRI  DIMENSIONS=      248        1        1

 PARAMETER _WB_SOLVERFILES_DIR(1) = C:\Users\User\AppData\Local\Temp\WB_User_9196_2\wbnew_files\dp0\SYS\MECH\

 SET PARAMETER DIMENSIONS ON  _WB_USERFILES_DIR
  TYPE=STRI  DIMENSIONS=      248        1        1

 PARAMETER _WB_USERFILES_DIR(1) = C:\Users\User\AppData\Local\Temp\WB_User_9196_2\wbnew_files\user_files\
 --- Data in consistent MKS units. See Solving Units in the help system for more

 MKS UNITS SPECIFIED FOR INTERNAL    
  LENGTH        (l)  = METER (M)
  MASS          (M)  = KILOGRAM (KG)
  TIME          (t)  = SECOND (SEC)
  TEMPERATURE   (T)  = CELSIUS (C)
  TOFFSET            = 273.0
  CHARGE        (Q)  = COULOMB
  FORCE         (f)  = NEWTON (N) (KG-M/SEC2)
  HEAT               = JOULE (N-M)

  PRESSURE           = PASCAL (NEWTON/M**2)
  ENERGY        (W)  = JOULE (N-M)
  POWER         (P)  = WATT (N-M/SEC)
  CURRENT       (i)  = AMPERE (COULOMBS/SEC)
  CAPACITANCE   (C)  = FARAD
  INDUCTANCE    (L)  = HENRY
  MAGNETIC FLUX      = WEBER
  RESISTANCE    (R)  = OHM
  ELECTRIC POTENTIAL = VOLT

 INPUT  UNITS ARE ALSO SET TO MKS 

 *** MAPDL - ENGINEERING ANALYSIS SYSTEM  RELEASE 2023 R2          23.2     ***
 Ansys Mechanical Enterprise Academic Student      
 01055371  VERSION=WINDOWS x64   19:25:15  MAY 01, 2024 CP=      0.094

 wbnew--Modal (A5)                                                             



          ***** MAPDL ANALYSIS DEFINITION (PREP7) *****
 *********** Nodes for the whole assembly ***********
 *********** Elements for Body 1 "Surface Body" ***********
 *********** Send User Defined Coordinate System(s) ***********
 *********** Set Reference Temperature ***********
 *********** Send Materials ***********
 *********** Send Sheet Properties ***********
 *********** Simple Supports ***********


 ***** ROUTINE COMPLETED *****  CP =         0.125


 --- Number of total nodes = 861
 --- Number of contact elements = 0
 --- Number of spring elements = 0
 --- Number of bearing elements = 0
 --- Number of solid elements = 800
 --- Number of condensed parts = 0
 --- Number of total elements = 800

 *GET  _WALLBSOL  FROM  ACTI  ITEM=TIME WALL  VALUE=  19.4208333    

 *****  MAPDL SOLUTION ROUTINE  *****


 PERFORM A MODAL ANALYSIS
  THIS WILL BE A NEW ANALYSIS

 PARAMETER _THICKRATIO =     0.000000000    


 USE SYM. BLOCK LANCZOS MODE EXTRACTION METHOD
  EXTRACT    30 MODES
  NORMALIZE THE MODE SHAPES TO THE MASS MATRIX

 ERASE THE CURRENT DATABASE OUTPUT CONTROL TABLE.


 WRITE ALL  ITEMS TO THE DATABASE WITH A FREQUENCY OF NONE
   FOR ALL APPLICABLE ENTITIES

 WRITE NSOL ITEMS TO THE DATABASE WITH A FREQUENCY OF ALL 
   FOR ALL APPLICABLE ENTITIES


 EXPAND ALL EXTRACTED MODES
  DO NOT CALCULATE ELEMENT RESULTS

 DO NOT COMBINE ELEMENT SAVE DATA FILES (.esav) AFTER DISTRIBUTED PARALLEL SOLUTION

 DO NOT COMBINE ELEMENT MATRIX FILES (.emat) AFTER DISTRIBUTED PARALLEL SOLUTION

 DO NOT COMBINE ASSEMBLED MATRIX FILES (.full) AFTER DISTRIBUTED PARALLEL SOLUTION

 *GET  ANSINTER_  FROM  ACTI  ITEM=INT        VALUE=  0.00000000    

 *IF  ANSINTER_                         ( =   0.00000     )  NE  
      0                                 ( =   0.00000     )  THEN    

 *ENDIF

 *** NOTE ***                            CP =       0.141   TIME= 19:25:15
 The automatic domain decomposition logic has selected the MESH domain   
 decomposition method with 4 processes per solution.                     

 *****  MAPDL SOLVE    COMMAND  *****

 *** WARNING ***                         CP =       0.141   TIME= 19:25:15
 Element shape checking is currently inactive.  Issue SHPP,ON or         
 SHPP,WARN to reactivate, if desired.                                    

 *** NOTE ***                            CP =       0.141   TIME= 19:25:15
 The model data was checked and warning messages were found.             
  Please review output or errors file (                                  
 C:\Users\User\AppData\Local\Temp\WB_User_9196_2\_ProjectScratch\Scr72E7 
 7\file0.err ) for these warning messages.                               

 *** SELECTION OF ELEMENT TECHNOLOGIES FOR APPLICABLE ELEMENTS ***
      --- GIVE SUGGESTIONS AND RESET THE KEY OPTIONS ---

 ELEMENT TYPE         1 IS SHELL181. IT IS ASSOCIATED WITH ELASTOPLASTIC 
 MATERIALS ONLY. KEYOPT(8)=2 IS SUGGESTED AND KEYOPT(3)=2 IS SUGGESTED FOR
 HIGHER ACCURACY OF MEMBRANE STRESSES; OTHERWISE, KEYOPT(3)=0 IS SUGGESTED. 
 KEYOPT(8) HAS BEEN RESET BUT KEYOPT(3) CAN NOT BE RESET HERE. PLEASE RESET 
 IT MANUALLY IF NECESSARY.
  KEYOPT(1-12)=    0    0    2    0    0    0    0    2    0    0    0    0

 ELEMENT TYPE         1 HAS KEYOPT(3)=2. FOR THE SPECIFIED ANALYSIS TYPE, LUMPED MASS
 MATRIX OPTION (LUMPM, ON) IS SUGGESTED.



 *** MAPDL - ENGINEERING ANALYSIS SYSTEM  RELEASE 2023 R2          23.2     ***
 Ansys Mechanical Enterprise Academic Student      
 01055371  VERSION=WINDOWS x64   19:25:15  MAY 01, 2024 CP=      0.141

 wbnew--Modal (A5)                                                             



                       S O L U T I O N   O P T I O N S

   PROBLEM DIMENSIONALITY. . . . . . . . . . . . .3-D                  
   DEGREES OF FREEDOM. . . . . . UX   UY   UZ   ROTX ROTY ROTZ
   ANALYSIS TYPE . . . . . . . . . . . . . . . . .MODAL                
      EXTRACTION METHOD. . . . . . . . . . . . . .BLOCK LANCZOS
   OFFSET TEMPERATURE FROM ABSOLUTE ZERO . . . . .  273.15    
   NUMBER OF MODES TO EXTRACT. . . . . . . . . . .    30
   GLOBALLY ASSEMBLED MATRIX . . . . . . . . . . .SYMMETRIC  
   NUMBER OF MODES TO EXPAND . . . . . . . . . . .ALL
   ELEMENT RESULTS CALCULATION . . . . . . . . . .OFF

 *** NOTE ***                            CP =       0.141   TIME= 19:25:15
 The conditions for direct assembly have been met.  No .emat or .erot    
 files will be produced.                                                 

  
  
     D I S T R I B U T E D   D O M A I N   D E C O M P O S E R
  
  ...Number of elements: 800
  ...Number of nodes:    861
  ...Decompose to 4 CPU domains
  ...Element load balance ratio =     1.000


                      L O A D   S T E P   O P T I O N S

   LOAD STEP NUMBER. . . . . . . . . . . . . . . .     1
   THERMAL STRAINS INCLUDED IN THE LOAD VECTOR . .   YES
   PRINT OUTPUT CONTROLS . . . . . . . . . . . . .NO PRINTOUT
   DATABASE OUTPUT CONTROLS
      ITEM     FREQUENCY   COMPONENT
       ALL       NONE               
      NSOL        ALL               



                         ***********  PRECISE MASS SUMMARY  ***********

   TOTAL RIGID BODY MASS MATRIX ABOUT ORIGIN
               Translational mass               |   Coupled translational/rotational mass
         74.000        0.0000        0.0000     |     0.0000        0.0000       -37.000    
         0.0000        74.000        0.0000     |     0.0000        0.0000        74.000    
         0.0000        0.0000        74.000     |     37.000       -74.000        0.0000    
     ------------------------------------------ | ------------------------------------------
                                                |         Rotational mass (inertia)
                                                |     24.667       -37.000        0.0000    
                                                |    -37.000        98.667        0.0000    
                                                |     0.0000        0.0000        123.33    

   TOTAL MASS =  74.000    
     The mass principal axes coincide with the global Cartesian axes

   CENTER OF MASS (X,Y,Z)=    1.0000       0.50000        0.0000    

   TOTAL INERTIA ABOUT CENTER OF MASS
         6.1673       0.14211E-13    0.0000    
        0.14211E-13    24.667        0.0000    
         0.0000        0.0000        30.833    
     The inertia principal axes coincide with the global Cartesian axes


  *** MASS SUMMARY BY ELEMENT TYPE ***

  TYPE      MASS
     1   74.0000    

 Range of element maximum matrix coefficients in global coordinates
 Maximum = 655948469 at element 118.                                     
 Minimum = 641205989 at element 577.                                     

   *** ELEMENT MATRIX FORMULATION TIMES
     TYPE    NUMBER   ENAME      TOTAL CP  AVE CP

        1       800  SHELL181      0.078   0.000098
 Time at end of element matrix formulation CP = 0.171875.                

  BLOCK LANCZOS CALCULATION OF UP TO    30 EIGENVECTORS.
  NUMBER OF EQUATIONS              =         4806
  MAXIMUM WAVEFRONT                =           22
  MAXIMUM MODES STORED             =           30
  MINIMUM EIGENVALUE               =  0.00000E+00
  MAXIMUM EIGENVALUE               =  0.10000E+31


  Process memory allocated for solver              =     2.534 MB
  Process memory required for in-core solution     =     2.420 MB
  Process memory required for out-of-core solution =     1.597 MB

  Total memory allocated for solver                =    10.309 MB
  Total memory required for in-core solution       =     9.845 MB
  Total memory required for out-of-core solution   =     6.492 MB

 *** NOTE ***                            CP =       0.219   TIME= 19:25:16
 The Distributed Sparse Matrix Solver used by the Block Lanczos          
 eigensolver is currently running in the in-core memory mode.  This      
 memory mode uses the most amount of memory in order to avoid using the  
 hard drive as much as possible, which most often results in the         
 fastest solution time.  This mode is recommended if enough physical     
 memory is present to accommodate all of the solver data.                

  Total memory available for LANCZOS         =     761.253906 MB

  Process memory required for in-core LANCZOS Workspace             =     6.227760 MB
  Process memory required for out-of-core LANCZOS Workspace         =     634.664063 KB

  Total   memory required for in-core LANCZOS Workspace             =     23.503693 MB
  Total   memory required for out-of-core LANCZOS Workspace         =     2.445648 MB

  Lanczos Memory Mode : INCORE


  >> Shift # 1 :  | | | |                            : 30 Eigenvalues Converged


 *** MAPDL - ENGINEERING ANALYSIS SYSTEM  RELEASE 2023 R2          23.2     ***
 Ansys Mechanical Enterprise Academic Student      
 01055371  VERSION=WINDOWS x64   19:25:17  MAY 01, 2024 CP=      0.500

 wbnew--Modal (A5)                                                             



 *** FREQUENCIES FROM BLOCK LANCZOS ITERATION ***

  MODE    FREQUENCY (HERTZ)      


    1     37.00226296583    
    2     59.19586558472    
    3     96.42552064284    
    4     126.9150167905    
    5     149.0157306021    
    6     149.0162182155    
    7     186.0885802484    
    8     217.4284436402    
    9     238.4719027133    
   10     280.3004760772    
   11     302.2690878384    
   12     302.2744485147    
   13     306.6342364038    
   14     339.1214018287    
   15     391.1828182471    
   16     391.1852714164    
   17     404.3109515225    
   18     458.9312519145    
   19     492.8793505119    
   20     502.6884250537    
   21     524.4781692097    
   22     524.4872764686    
   23     542.9724422732    
   24     561.0276693202    
   25     612.6537444412    
   26     612.6552199534    
   27     644.0759550508    
   28     663.9028276724    
   29     679.8339772009    
   30     751.6243928720    

 *** MAPDL - ENGINEERING ANALYSIS SYSTEM  RELEASE 2023 R2          23.2     ***
 Ansys Mechanical Enterprise Academic Student      
 01055371  VERSION=WINDOWS x64   19:25:17  MAY 01, 2024 CP=      0.531

 wbnew--Modal (A5)                                                             





          ***** PARTICIPATION FACTOR CALCULATION *****  X  DIRECTION
                                                                                  CUMULATIVE     RATIO EFF.MASS
  MODE   FREQUENCY       PERIOD      PARTIC.FACTOR     RATIO    EFFECTIVE MASS   MASS FRACTION   TO TOTAL MASS
     1     37.0023       0.27025E-01    0.0000        0.000000     0.00000         0.00000         0.00000    
     2     59.1959       0.16893E-01    0.0000        0.000000     0.00000         0.00000         0.00000    
     3     96.4255       0.10371E-01    0.0000        0.000000     0.00000         0.00000         0.00000    
     4     126.915       0.78793E-02    0.0000        0.000000     0.00000         0.00000         0.00000    
     5     149.016       0.67107E-02    0.0000        0.000000     0.00000         0.00000         0.00000    
     6     149.016       0.67107E-02    0.0000        0.000000     0.00000         0.00000         0.00000    
     7     186.089       0.53738E-02    0.0000        0.000000     0.00000         0.00000         0.00000    
     8     217.428       0.45992E-02    0.0000        0.000000     0.00000         0.00000         0.00000    
     9     238.472       0.41934E-02    0.0000        0.000000     0.00000         0.00000         0.00000    
    10     280.300       0.35676E-02    0.0000        0.000000     0.00000         0.00000         0.00000    
    11     302.269       0.33083E-02    0.0000        0.000000     0.00000         0.00000         0.00000    
    12     302.274       0.33083E-02    0.0000        0.000000     0.00000         0.00000         0.00000    
    13     306.634       0.32612E-02    0.0000        0.000000     0.00000         0.00000         0.00000    
    14     339.121       0.29488E-02    0.0000        0.000000     0.00000         0.00000         0.00000    
    15     391.183       0.25563E-02    0.0000        0.000000     0.00000         0.00000         0.00000    
    16     391.185       0.25563E-02    0.0000        0.000000     0.00000         0.00000         0.00000    
    17     404.311       0.24733E-02    0.0000        0.000000     0.00000         0.00000         0.00000    
    18     458.931       0.21790E-02    0.0000        0.000000     0.00000         0.00000         0.00000    
    19     492.879       0.20289E-02    0.0000        0.000000     0.00000         0.00000         0.00000    
    20     502.688       0.19893E-02    0.0000        0.000000     0.00000         0.00000         0.00000    
    21     524.478       0.19067E-02    0.0000        0.000000     0.00000         0.00000         0.00000    
    22     524.487       0.19066E-02    0.0000        0.000000     0.00000         0.00000         0.00000    
    23     542.972       0.18417E-02    0.0000        0.000000     0.00000         0.00000         0.00000    
    24     561.028       0.17824E-02    0.0000        0.000000     0.00000         0.00000         0.00000    
    25     612.654       0.16322E-02    0.0000        0.000000     0.00000         0.00000         0.00000    
    26     612.655       0.16322E-02    0.0000        0.000000     0.00000         0.00000         0.00000    
    27     644.076       0.15526E-02    0.0000        0.000000     0.00000         0.00000         0.00000    
    28     663.903       0.15062E-02    0.0000        0.000000     0.00000         0.00000         0.00000    
    29     679.834       0.14709E-02    0.0000        0.000000     0.00000         0.00000         0.00000    
    30     751.624       0.13305E-02    0.0000        0.000000     0.00000         0.00000         0.00000    



          ***** PARTICIPATION FACTOR CALCULATION *****  Y  DIRECTION
                                                                                  CUMULATIVE     RATIO EFF.MASS
  MODE   FREQUENCY       PERIOD      PARTIC.FACTOR     RATIO    EFFECTIVE MASS   MASS FRACTION   TO TOTAL MASS
     1     37.0023       0.27025E-01    0.0000        0.000000     0.00000         0.00000         0.00000    
     2     59.1959       0.16893E-01    0.0000        0.000000     0.00000         0.00000         0.00000    
     3     96.4255       0.10371E-01    0.0000        0.000000     0.00000         0.00000         0.00000    
     4     126.915       0.78793E-02    0.0000        0.000000     0.00000         0.00000         0.00000    
     5     149.016       0.67107E-02    0.0000        0.000000     0.00000         0.00000         0.00000    
     6     149.016       0.67107E-02    0.0000        0.000000     0.00000         0.00000         0.00000    
     7     186.089       0.53738E-02    0.0000        0.000000     0.00000         0.00000         0.00000    
     8     217.428       0.45992E-02    0.0000        0.000000     0.00000         0.00000         0.00000    
     9     238.472       0.41934E-02    0.0000        0.000000     0.00000         0.00000         0.00000    
    10     280.300       0.35676E-02    0.0000        0.000000     0.00000         0.00000         0.00000    
    11     302.269       0.33083E-02    0.0000        0.000000     0.00000         0.00000         0.00000    
    12     302.274       0.33083E-02    0.0000        0.000000     0.00000         0.00000         0.00000    
    13     306.634       0.32612E-02    0.0000        0.000000     0.00000         0.00000         0.00000    
    14     339.121       0.29488E-02    0.0000        0.000000     0.00000         0.00000         0.00000    
    15     391.183       0.25563E-02    0.0000        0.000000     0.00000         0.00000         0.00000    
    16     391.185       0.25563E-02    0.0000        0.000000     0.00000         0.00000         0.00000    
    17     404.311       0.24733E-02    0.0000        0.000000     0.00000         0.00000         0.00000    
    18     458.931       0.21790E-02    0.0000        0.000000     0.00000         0.00000         0.00000    
    19     492.879       0.20289E-02    0.0000        0.000000     0.00000         0.00000         0.00000    
    20     502.688       0.19893E-02    0.0000        0.000000     0.00000         0.00000         0.00000    
    21     524.478       0.19067E-02    0.0000        0.000000     0.00000         0.00000         0.00000    
    22     524.487       0.19066E-02    0.0000        0.000000     0.00000         0.00000         0.00000    
    23     542.972       0.18417E-02    0.0000        0.000000     0.00000         0.00000         0.00000    
    24     561.028       0.17824E-02    0.0000        0.000000     0.00000         0.00000         0.00000    
    25     612.654       0.16322E-02    0.0000        0.000000     0.00000         0.00000         0.00000    
    26     612.655       0.16322E-02    0.0000        0.000000     0.00000         0.00000         0.00000    
    27     644.076       0.15526E-02    0.0000        0.000000     0.00000         0.00000         0.00000    
    28     663.903       0.15062E-02    0.0000        0.000000     0.00000         0.00000         0.00000    
    29     679.834       0.14709E-02    0.0000        0.000000     0.00000         0.00000         0.00000    
    30     751.624       0.13305E-02    0.0000        0.000000     0.00000         0.00000         0.00000    



          ***** PARTICIPATION FACTOR CALCULATION *****  Z  DIRECTION
                                                                                  CUMULATIVE     RATIO EFF.MASS
  MODE   FREQUENCY       PERIOD      PARTIC.FACTOR     RATIO    EFFECTIVE MASS   MASS FRACTION   TO TOTAL MASS
     1     37.0023       0.27025E-01    6.9729        1.000000     48.6216        0.761277        0.657049    
     2     59.1959       0.16893E-01   0.93769E-05    0.000001    0.879267E-10    0.761277        0.118820E-11
     3     96.4255       0.10371E-01    2.3234        0.333196     5.39796        0.845794        0.729455E-01
     4     126.915       0.78793E-02   0.17614E-04    0.000003    0.310241E-09    0.845794        0.419245E-11
     5     149.016       0.67107E-02  -0.12612E-04    0.000002    0.159060E-09    0.845794        0.214947E-11
     6     149.016       0.67107E-02  -0.25457E-04    0.000004    0.648071E-09    0.845794        0.875772E-11
     7     186.089       0.53738E-02  -0.27964E-04    0.000004    0.781959E-09    0.845794        0.105670E-10
     8     217.428       0.45992E-02   -1.3938        0.199882     1.94258        0.876209        0.262511E-01
     9     238.472       0.41934E-02  -0.24418E-06    0.000000    0.596237E-13    0.876209        0.805726E-15
    10     280.300       0.35676E-02    2.3229        0.333135     5.39599        0.960695        0.729187E-01
    11     302.269       0.33083E-02   0.88065E-04    0.000013    0.775541E-08    0.960695        0.104803E-09
    12     302.274       0.33083E-02   0.42362E-04    0.000006    0.179451E-08    0.960695        0.242501E-10
    13     306.634       0.32612E-02  -0.13967E-04    0.000002    0.195076E-09    0.960695        0.263616E-11
    14     339.121       0.29488E-02   0.77352        0.110932    0.598330        0.970063        0.808554E-02
    15     391.183       0.25563E-02  -0.10686E-04    0.000002    0.114191E-09    0.970063        0.154312E-11
    16     391.185       0.25563E-02   0.78802E-04    0.000011    0.620970E-08    0.970063        0.839149E-10
    17     404.311       0.24733E-02  -0.99495        0.142688    0.989925        0.985563        0.133774E-01
    18     458.931       0.21790E-02   0.46360        0.066486    0.214928        0.988928        0.290443E-02
    19     492.879       0.20289E-02  -0.25334E-04    0.000004    0.641834E-09    0.988928        0.867344E-11
    20     502.688       0.19893E-02   0.58991E-04    0.000008    0.347998E-08    0.988928        0.470267E-10
    21     524.478       0.19067E-02   0.55313E-04    0.000008    0.305955E-08    0.988928        0.413453E-10
    22     524.487       0.19066E-02  -0.64476E-04    0.000009    0.415712E-08    0.988928        0.561773E-10
    23     542.972       0.18417E-02   0.51466E-04    0.000007    0.264879E-08    0.988928        0.357945E-10
    24     561.028       0.17824E-02  -0.76427E-04    0.000011    0.584115E-08    0.988928        0.789344E-10
    25     612.654       0.16322E-02   0.42142E-05    0.000001    0.177593E-10    0.988928        0.239991E-12
    26     612.655       0.16322E-02  -0.77315E-04    0.000011    0.597754E-08    0.988928        0.807776E-10
    27     644.076       0.15526E-02  -0.33104        0.047474    0.109584        0.990644        0.148087E-02
    28     663.903       0.15062E-02   0.77303        0.110862    0.597576         1.00000        0.807535E-02
    29     679.834       0.14709E-02   0.14759E-03    0.000021    0.217819E-07     1.00000        0.294351E-09
    30     751.624       0.13305E-02  -0.33031E-04    0.000005    0.109105E-08     1.00000        0.147439E-10
 -----------------------------------------------------------------------------------------------------------------
   sum                                                             63.8685                        0.863088    
 -----------------------------------------------------------------------------------------------------------------



          ***** PARTICIPATION FACTOR CALCULATION *****ROTX DIRECTION
                                                                                  CUMULATIVE     RATIO EFF.MASS
  MODE   FREQUENCY       PERIOD      PARTIC.FACTOR     RATIO    EFFECTIVE MASS   MASS FRACTION   TO TOTAL MASS
     1     37.0023       0.27025E-01    3.4865        1.000000     12.1554        0.594840        0.492775    
     2     59.1959       0.16893E-01   0.28420E-05    0.000001    0.807717E-11    0.594840        0.327444E-12
     3     96.4255       0.10371E-01    1.1617        0.333199     1.34951        0.660880        0.547085E-01
     4     126.915       0.78793E-02   -1.7430        0.499943     3.03816        0.809556        0.123166    
     5     149.016       0.67107E-02  -0.88301E-05    0.000003    0.779705E-10    0.809556        0.316089E-11
     6     149.016       0.67107E-02   0.21152E-05    0.000001    0.447412E-11    0.809556        0.181379E-12
     7     186.089       0.53738E-02   0.58070        0.166559    0.337214        0.826058        0.136705E-01
     8     217.428       0.45992E-02  -0.69689        0.199883    0.485649        0.849824        0.196880E-01
     9     238.472       0.41934E-02  -0.91286E-05    0.000003    0.833305E-10    0.849824        0.337818E-11
    10     280.300       0.35676E-02    1.1615        0.333138     1.34902        0.915839        0.546886E-01
    11     302.269       0.33083E-02   0.30156E-04    0.000009    0.909393E-09    0.915839        0.368664E-10
    12     302.274       0.33083E-02   0.51769E-04    0.000015    0.268003E-08    0.915839        0.108647E-09
    13     306.634       0.32612E-02  -0.34826        0.099888    0.121282        0.921774        0.491671E-02
    14     339.121       0.29488E-02   0.38677        0.110936    0.149595        0.929095        0.606449E-02
    15     391.183       0.25563E-02   0.10817E-04    0.000003    0.117013E-09    0.929095        0.474365E-11
    16     391.185       0.25563E-02   0.60124E-04    0.000017    0.361485E-08    0.929095        0.146544E-09
    17     404.311       0.24733E-02  -0.49751        0.142697    0.247514        0.941207        0.100341E-01
    18     458.931       0.21790E-02   0.23178        0.066480    0.537213E-01    0.943836        0.217784E-02
    19     492.879       0.20289E-02   0.24854        0.071286    0.617697E-01    0.946859        0.250412E-02
    20     502.688       0.19893E-02  -0.87041        0.249653    0.757605        0.983933        0.307130E-01
    21     524.478       0.19067E-02   0.10690E-03    0.000031    0.114278E-07    0.983933        0.463279E-09
    22     524.487       0.19066E-02   0.44097E-04    0.000013    0.194452E-08    0.983933        0.788299E-10
    23     542.972       0.18417E-02   0.27671E-04    0.000008    0.765701E-09    0.983933        0.310412E-10
    24     561.028       0.17824E-02   0.28988        0.083143    0.840281E-01    0.988045        0.340646E-02
    25     612.654       0.16322E-02  -0.10776E-04    0.000003    0.116124E-09    0.988045        0.470762E-11
    26     612.655       0.16322E-02  -0.52018E-04    0.000015    0.270589E-08    0.988045        0.109695E-09
    27     644.076       0.15526E-02  -0.16559        0.047495    0.274194E-01    0.989387        0.111157E-02
    28     663.903       0.15062E-02   0.38647        0.110849    0.149358        0.996696        0.605492E-02
    29     679.834       0.14709E-02   0.17380        0.049849    0.302057E-01    0.998174        0.122453E-02
    30     751.624       0.13305E-02   0.19314        0.055398    0.373040E-01     1.00000        0.151229E-02
 -----------------------------------------------------------------------------------------------------------------
   sum                                                             20.4348                        0.828416    
 -----------------------------------------------------------------------------------------------------------------



          ***** PARTICIPATION FACTOR CALCULATION *****ROTY DIRECTION
                                                                                  CUMULATIVE     RATIO EFF.MASS
  MODE   FREQUENCY       PERIOD      PARTIC.FACTOR     RATIO    EFFECTIVE MASS   MASS FRACTION   TO TOTAL MASS
     1     37.0023       0.27025E-01   -6.9729        1.000000     48.6216        0.585787        0.492783    
     2     59.1959       0.16893E-01   -3.4866        0.500025     12.1566        0.732248        0.123208    
     3     96.4255       0.10371E-01   -2.3234        0.333198     5.39801        0.797282        0.547093E-01
     4     126.915       0.78793E-02  -0.22828E-04    0.000003    0.521098E-09    0.797282        0.528137E-11
     5     149.016       0.67107E-02   0.69557        0.099753    0.483818        0.803111        0.490353E-02
     6     149.016       0.67107E-02   -1.5978        0.229137     2.55281        0.833867        0.258729E-01
     7     186.089       0.53738E-02   0.12843E-04    0.000002    0.164939E-09    0.833867        0.167166E-11
     8     217.428       0.45992E-02    1.3937        0.199874     1.94242        0.857269        0.196866E-01
     9     238.472       0.41934E-02  -0.10057E-04    0.000001    0.101138E-09    0.857269        0.102504E-11
    10     280.300       0.35676E-02   -2.3229        0.333127     5.39571        0.922276        0.546859E-01
    11     302.269       0.33083E-02   -1.6249        0.233029     2.64027        0.954086        0.267593E-01
    12     302.274       0.33083E-02   0.23993        0.034408    0.575642E-01    0.954779        0.583418E-03
    13     306.634       0.32612E-02  -0.51648E-05    0.000001    0.266751E-10    0.954779        0.270354E-12
    14     339.121       0.29488E-02  -0.77365        0.110950    0.598527        0.961990        0.606612E-02
    15     391.183       0.25563E-02  -0.22408        0.032136    0.502127E-01    0.962595        0.508909E-03
    16     391.185       0.25563E-02   0.53487        0.076707    0.286088        0.966042        0.289953E-02
    17     404.311       0.24733E-02   0.99504        0.142701    0.990108        0.977971        0.100348E-01
    18     458.931       0.21790E-02  -0.46358        0.066483    0.214905        0.980560        0.217808E-02
    19     492.879       0.20289E-02   0.72916E-05    0.000001    0.531672E-10    0.980560        0.538854E-12
    20     502.688       0.19893E-02  -0.11657E-03    0.000017    0.135897E-07    0.980560        0.137732E-09
    21     524.478       0.19067E-02  -0.61582        0.088316    0.379235        0.985129        0.384357E-02
    22     524.487       0.19066E-02  -0.61498        0.088195    0.378196        0.989685        0.383304E-02
    23     542.972       0.18417E-02   0.38613        0.055375    0.149093        0.991481        0.151107E-02
    24     561.028       0.17824E-02   0.57774E-04    0.000008    0.333781E-08    0.991481        0.338289E-10
    25     612.654       0.16322E-02  -0.80023E-05    0.000001    0.640374E-10    0.991481        0.649024E-12
    26     612.655       0.16322E-02   0.59102E-04    0.000008    0.349306E-08    0.991481        0.354024E-10
    27     644.076       0.15526E-02   0.33102        0.047472    0.109574        0.992801        0.111054E-02
    28     663.903       0.15062E-02  -0.77298        0.110854    0.597494         1.00000        0.605565E-02
    29     679.834       0.14709E-02  -0.12612E-03    0.000018    0.159066E-07     1.00000        0.161214E-09
    30     751.624       0.13305E-02  -0.26676E-04    0.000004    0.711618E-09     1.00000        0.721230E-11
 -----------------------------------------------------------------------------------------------------------------
   sum                                                             83.0022                        0.841234    
 -----------------------------------------------------------------------------------------------------------------



          ***** PARTICIPATION FACTOR CALCULATION *****ROTZ DIRECTION
                                                                                  CUMULATIVE     RATIO EFF.MASS
  MODE   FREQUENCY       PERIOD      PARTIC.FACTOR     RATIO    EFFECTIVE MASS   MASS FRACTION   TO TOTAL MASS
     1     37.0023       0.27025E-01    0.0000        0.000000     0.00000         0.00000         0.00000    
     2     59.1959       0.16893E-01    0.0000        0.000000     0.00000         0.00000         0.00000    
     3     96.4255       0.10371E-01    0.0000        0.000000     0.00000         0.00000         0.00000    
     4     126.915       0.78793E-02    0.0000        0.000000     0.00000         0.00000         0.00000    
     5     149.016       0.67107E-02    0.0000        0.000000     0.00000         0.00000         0.00000    
     6     149.016       0.67107E-02    0.0000        0.000000     0.00000         0.00000         0.00000    
     7     186.089       0.53738E-02    0.0000        0.000000     0.00000         0.00000         0.00000    
     8     217.428       0.45992E-02    0.0000        0.000000     0.00000         0.00000         0.00000    
     9     238.472       0.41934E-02    0.0000        0.000000     0.00000         0.00000         0.00000    
    10     280.300       0.35676E-02    0.0000        0.000000     0.00000         0.00000         0.00000    
    11     302.269       0.33083E-02    0.0000        0.000000     0.00000         0.00000         0.00000    
    12     302.274       0.33083E-02    0.0000        0.000000     0.00000         0.00000         0.00000    
    13     306.634       0.32612E-02    0.0000        0.000000     0.00000         0.00000         0.00000    
    14     339.121       0.29488E-02    0.0000        0.000000     0.00000         0.00000         0.00000    
    15     391.183       0.25563E-02    0.0000        0.000000     0.00000         0.00000         0.00000    
    16     391.185       0.25563E-02    0.0000        0.000000     0.00000         0.00000         0.00000    
    17     404.311       0.24733E-02    0.0000        0.000000     0.00000         0.00000         0.00000    
    18     458.931       0.21790E-02    0.0000        0.000000     0.00000         0.00000         0.00000    
    19     492.879       0.20289E-02    0.0000        0.000000     0.00000         0.00000         0.00000    
    20     502.688       0.19893E-02    0.0000        0.000000     0.00000         0.00000         0.00000    
    21     524.478       0.19067E-02    0.0000        0.000000     0.00000         0.00000         0.00000    
    22     524.487       0.19066E-02    0.0000        0.000000     0.00000         0.00000         0.00000    
    23     542.972       0.18417E-02    0.0000        0.000000     0.00000         0.00000         0.00000    
    24     561.028       0.17824E-02    0.0000        0.000000     0.00000         0.00000         0.00000    
    25     612.654       0.16322E-02    0.0000        0.000000     0.00000         0.00000         0.00000    
    26     612.655       0.16322E-02    0.0000        0.000000     0.00000         0.00000         0.00000    
    27     644.076       0.15526E-02    0.0000        0.000000     0.00000         0.00000         0.00000    
    28     663.903       0.15062E-02    0.0000        0.000000     0.00000         0.00000         0.00000    
    29     679.834       0.14709E-02    0.0000        0.000000     0.00000         0.00000         0.00000    
    30     751.624       0.13305E-02    0.0000        0.000000     0.00000         0.00000         0.00000    





 *** NOTE ***                            CP =       0.531   TIME= 19:25:17
 The modes requested are mass normalized (Nrmkey on MODOPT).  However,   
 the modal masses and kinetic energies below are calculated with unit    
 normalized modes.                                                       

        ***** MODAL MASSES, KINETIC ENERGIES, AND TRANSLATIONAL EFFECTIVE MASSES SUMMARY *****

                                                                         EFFECTIVE MASS
  MODE  FREQUENCY   MODAL MASS     KENE      |      X-DIR      RATIO%   Y-DIR      RATIO%   Z-DIR      RATIO% 
     1   37.00       1.859      0.5023E+05   |     0.000        0.00   0.000        0.00   48.62       65.70
     2   59.20       1.851      0.1280E+06   |     0.000        0.00   0.000        0.00  0.8793E-10    0.00
     3   96.43      0.8155      0.1497E+06   |     0.000        0.00   0.000        0.00   5.398        7.29
     4   126.9      0.4543      0.1445E+06   |     0.000        0.00   0.000        0.00  0.3102E-09    0.00
     5   149.0      0.4631      0.2030E+06   |     0.000        0.00   0.000        0.00  0.1591E-09    0.00
     6   149.0      0.4631      0.2030E+06   |     0.000        0.00   0.000        0.00  0.6481E-09    0.00
     7   186.1      0.4505      0.3079E+06   |     0.000        0.00   0.000        0.00  0.7820E-09    0.00
     8   217.4      0.2850      0.2660E+06   |     0.000        0.00   0.000        0.00   1.943        2.63
     9   238.5      0.4471      0.5019E+06   |     0.000        0.00   0.000        0.00  0.5962E-13    0.00
    10   280.3      0.1944      0.3015E+06   |     0.000        0.00   0.000        0.00   5.396        7.29
    11   302.3      0.2494      0.4498E+06   |     0.000        0.00   0.000        0.00  0.7755E-08    0.00
    12   302.3      0.1943      0.3504E+06   |     0.000        0.00   0.000        0.00  0.1795E-08    0.00
    13   306.6      0.2815      0.5225E+06   |     0.000        0.00   0.000        0.00  0.1951E-09    0.00
    14   339.1      0.1929      0.4378E+06   |     0.000        0.00   0.000        0.00  0.5983        0.81
    15   391.2      0.1526      0.4610E+06   |     0.000        0.00   0.000        0.00  0.1142E-09    0.00
    16   391.2      0.1526      0.4610E+06   |     0.000        0.00   0.000        0.00  0.6210E-08    0.00
    17   404.3      0.1390      0.4484E+06   |     0.000        0.00   0.000        0.00  0.9899        1.34
    18   458.9      0.1899      0.7895E+06   |     0.000        0.00   0.000        0.00  0.2149        0.29
    19   492.9      0.1374      0.6587E+06   |     0.000        0.00   0.000        0.00  0.6418E-09    0.00
    20   502.7      0.1037      0.5171E+06   |     0.000        0.00   0.000        0.00  0.3480E-08    0.00
    21   524.5      0.1477      0.8021E+06   |     0.000        0.00   0.000        0.00  0.3060E-08    0.00
    22   524.5      0.1477      0.8018E+06   |     0.000        0.00   0.000        0.00  0.4157E-08    0.00
    23   543.0      0.1878      0.1093E+07   |     0.000        0.00   0.000        0.00  0.2649E-08    0.00
    24   561.0      0.1029      0.6392E+06   |     0.000        0.00   0.000        0.00  0.5841E-08    0.00
    25   612.7      0.1133      0.8391E+06   |     0.000        0.00   0.000        0.00  0.1776E-10    0.00
    26   612.7      0.1131      0.8382E+06   |     0.000        0.00   0.000        0.00  0.5978E-08    0.00
    27   644.1      0.1349      0.1104E+07   |     0.000        0.00   0.000        0.00  0.1096        0.15
    28   663.9      0.7907E-01  0.6879E+06   |     0.000        0.00   0.000        0.00  0.5976        0.81
    29   679.8      0.1014      0.9247E+06   |     0.000        0.00   0.000        0.00  0.2178E-07    0.00
    30   751.6      0.7821E-01  0.8721E+06   |     0.000        0.00   0.000        0.00  0.1091E-08    0.00
 --------------------------------------------------------------------------------------------------------------
   sum                                       |     0.000        0.00   0.000        0.00   63.87       86.31
 --------------------------------------------------------------------------------------------------------------


 *** MAPDL BINARY FILE STATISTICS
  BUFFER SIZE USED= 16384
        0.375 MB WRITTEN ON ASSEMBLED MATRIX FILE: file0.full
        0.375 MB WRITTEN ON MODAL MATRIX FILE: file0.mode
        0.875 MB WRITTEN ON RESULTS FILE: file0.rst
 *************** Write FE CONNECTORS *********

 WRITE OUT CONSTRAINT EQUATIONS TO FILE= file.ce                                                                                                                                                                                                                                                             

 *GET  _NMODALSOLPROC  FROM  ACTI  ITEM=NUMC       VALUE=  4.00000000    

 FINISH SOLUTION PROCESSING


 ***** ROUTINE COMPLETED *****  CP =         0.531



 PRINTOUT RESUMED BY /GOP

 *GET  _WALLASOL  FROM  ACTI  ITEM=TIME WALL  VALUE=  19.4213889    

 *** MAPDL - ENGINEERING ANALYSIS SYSTEM  RELEASE 2023 R2          23.2     ***
 Ansys Mechanical Enterprise Academic Student      
 01055371  VERSION=WINDOWS x64   19:25:17  MAY 01, 2024 CP=      0.531

 wbnew--Modal (A5)                                                             



          ***** MAPDL RESULTS INTERPRETATION (POST1) *****

 *** NOTE ***                            CP =       0.531   TIME= 19:25:17
 Reading results into the database (SET command) will update the current 
 displacement and force boundary conditions in the database with the     
 values from the results file for that load set.  Note that any          
 subsequent solutions will use these values unless action is taken to    
 either SAVE the current values or not overwrite them (/EXIT,NOSAVE).    

 PRINTOUT RESUMED BY /GOP

 Set Encoding of XML File to:ISO-8859-1

 Set Output of XML File to:
     PARM,     ,     ,     ,     ,     ,     ,     ,     ,     ,     ,     ,
         ,     ,     ,     ,     ,     ,     ,

 DATABASE WRITTEN ON FILE  parm.xml                                                                                                                                                                                                                                                            

 EXIT THE MAPDL POST1 DATABASE PROCESSOR


 ***** ROUTINE COMPLETED *****  CP =         0.594



 PRINTOUT RESUMED BY /GOP

 *GET  _WALLDONE  FROM  ACTI  ITEM=TIME WALL  VALUE=  19.4213889    

 PARAMETER _PREPTIME =     0.000000000    

 PARAMETER _SOLVTIME =     2.000000000    

 PARAMETER _POSTTIME =     0.000000000    

 PARAMETER _TOTALTIM =     2.000000000    

 *GET  _DLBRATIO  FROM  ACTI  ITEM=SOLU DLBR  VALUE=  1.00000000    

 *GET  _COMBTIME  FROM  ACTI  ITEM=SOLU COMB  VALUE= 0.988233000E-01

 *GET  _SSMODE   FROM  ACTI  ITEM=SOLU SSMM  VALUE=  2.00000000    

 *GET  _NDOFS    FROM  ACTI  ITEM=SOLU NDOF  VALUE=  4806.00000    

 /FCLEAN COMMAND REMOVING ALL LOCAL FILES
 --- Total number of nodes = 861
 --- Total number of elements = 800
 --- Element load balance ratio = 1
 --- Time to combine distributed files = 9.88233E-02
 --- Sparse memory mode = 2
 --- Number of DOF = 4806

 EXIT MAPDL WITHOUT SAVING DATABASE


 NUMBER OF WARNING MESSAGES ENCOUNTERED=          1
 NUMBER OF ERROR   MESSAGES ENCOUNTERED=          0

+--------------------- M A P D L   S T A T I S T I C S ------------------------+

Release: 2023 R2            Build: 23.2       Update: UP20230531   Platform: WINDOWS x64 
Date Run: 05/01/2024   Time: 19:25     Process ID: 9756
Operating System: Windows 11  (Build: 22631)

Processor Model: Intel(R) Core(TM) i5-10300H CPU @ 2.50GHz

Compiler: Intel(R) Fortran Compiler Version 19.0.5  (Build: 20190815)
          Intel(R) C/C++ Compiler Version 19.0.5  (Build: 20190815)
          Intel(R) Math Kernel Library Version 2020.0.0 Product Build 20191125
          BLAS Library supplied by Intel(R) MKL

Number of machines requested            :    1
Total number of cores available         :    8
Number of physical cores available      :    4
Number of processes requested           :    4
Number of threads per process requested :    1
Total number of cores requested         :    4 (Distributed Memory Parallel)               
MPI Type: INTELMPI
MPI Version: Intel(R) MPI Library 2021.8 for Windows* OS


GPU Acceleration: Not Requested

Job Name: file0
Input File: dummy.dat

  Core                Machine Name   Working Directory
 -----------------------------------------------------
     0                      Gaurav   C:\Users\User\AppData\Local\Temp\WB_User_9196_2\_ProjectScratch\Scr72E7
     1                      Gaurav   C:\Users\User\AppData\Local\Temp\WB_User_9196_2\_ProjectScratch\Scr72E7
     2                      Gaurav   C:\Users\User\AppData\Local\Temp\WB_User_9196_2\_ProjectScratch\Scr72E7
     3                      Gaurav   C:\Users\User\AppData\Local\Temp\WB_User_9196_2\_ProjectScratch\Scr72E7
 
Latency time from master to core     1 =   29.760 microseconds
Latency time from master to core     2 =   11.363 microseconds
Latency time from master to core     3 =   11.175 microseconds
 
Communication speed from master to core     1 =   919.00 MB/sec
Communication speed from master to core     2 =  1192.75 MB/sec
Communication speed from master to core     3 =  1118.74 MB/sec

Total CPU time for main thread                    :        0.7 seconds
Total CPU time summed for all threads             :        0.7 seconds

Elapsed time spent obtaining a license            :        0.6 seconds
Elapsed time spent pre-processing model (/PREP7)  :        0.1 seconds
Elapsed time spent solution - preprocessing       :        0.1 seconds
Elapsed time spent computing solution             :        1.6 seconds
Elapsed time spent solution - postprocessing      :        0.1 seconds
Elapsed time spent post-processing model (/POST1) :        0.1 seconds
 
Eigensolver used                                  :            Block Lanczos

Sum of disk space used on all processes            :        8.6 MB

Sum of memory used on all processes               :      164.0 MB
Sum of memory allocated on all processes          :     2832.0 MB
Physical memory available                         :          8 GB
Total amount of I/O written to disk               :        0.0 GB
Total amount of I/O read from disk                :        0.0 GB

+------------------ E N D   M A P D L   S T A T I S T I C S -------------------+


 *-----------------------------------------------------------------------------*
 |                                                                             |
 |                               RUN COMPLETED                                 |
 |                                                                             |
 |-----------------------------------------------------------------------------|
 |                                                                             |
 |  Ansys MAPDL 2023 R2         Build 23.2         UP20230531    WINDOWS x64   |
 |                                                                             |
 |-----------------------------------------------------------------------------|
 |                                                                             |
 |  Database Requested(-db)     1024 MB     Scratch Memory Requested   1024 MB |
 |  Max Database Used(Master)      1 MB     Max Scratch Used(Master)     40 MB |
 |  Max Database Used(Workers)     1 MB     Max Scratch Used(Workers)    40 MB |
 |  Sum Database Used(All)         4 MB     Sum Scratch Used(All)       160 MB |
 |                                                                             |
 |-----------------------------------------------------------------------------|
 |                                                                             |
 |        CP Time      (sec) =          0.734       Time  =  19:25:20          |
 |        Elapsed Time (sec) =          7.000       Date  =  05/01/2024        |
 |                                                                             |
 *-----------------------------------------------------------------------------*
